<?xml version="1.0" encoding="UTF-8"?>
<!-- Generated by org.testng.reporters.JUnitXMLReporter -->
<testsuite ignored="0" hostname="MounamukharsMBP.fios-router.home" failures="0" tests="2" name="Default test" time="23.24" errors="0" timestamp="2019-09-21T22:28:58 EDT">
  <testcase classname="io.cucumber.testng.AbstractTestNGCucumberTests" name="runScenario" time="17.621"/>
  <testcase classname="io.cucumber.testng.AbstractTestNGCucumberTests" name="runScenario" time="5.322"/>
</testsuite> <!-- Default test -->
