<?xml version="1.0" encoding="UTF-8"?>
<!-- Generated by org.testng.reporters.JUnitXMLReporter -->
<testsuite ignored="0" hostname="MounamukharsMBP.fios-router.home" failures="0" tests="2" name="Window" time="4.617" errors="0" timestamp="2019-09-21T22:26:21 EDT">
  <testcase classname="io.cucumber.testng.AbstractTestNGCucumberTests" name="runScenario" time="2.711">
    <skipped/>
  </testcase> <!-- runScenario -->
  <testcase classname="io.cucumber.testng.AbstractTestNGCucumberTests" name="runScenario" time="1.596">
    <skipped/>
  </testcase> <!-- runScenario -->
</testsuite> <!-- Window -->
