<?xml version="1.0" encoding="UTF-8"?>
<testng-results ignored="0" total="1" passed="1" failed="0" skipped="0">
  <reporter-output>
  </reporter-output>
  <suite started-at="2019-09-19T23:46:49 EDT" name="Regression" finished-at="2019-09-19T23:46:52 EDT" duration-ms="3284">
    <groups>
      <group name="cucumber">
        <method signature="AbstractTestNGCucumberTests.runScenario(io.cucumber.testng.PickleEventWrapper, io.cucumber.testng.CucumberFeatureWrapper)[pri:0, instance:com.qa.runner.testRunner@365c30cc]" name="runScenario" class="io.cucumber.testng.AbstractTestNGCucumberTests"/>
      </group> <!-- cucumber -->
    </groups>
    <test started-at="2019-09-19T23:46:49 EDT" name="Window" finished-at="2019-09-19T23:46:52 EDT" duration-ms="3284">
      <class name="com.qa.runner.testRunner">
        <test-method is-config="true" signature="setUpClass()[pri:0, instance:com.qa.runner.testRunner@365c30cc]" started-at="2019-09-19T23:46:49 EDT" name="setUpClass" finished-at="2019-09-19T23:46:49 EDT" duration-ms="163" status="PASS">
          <reporter-output>
          </reporter-output>
        </test-method> <!-- setUpClass -->
        <test-method signature="runScenario(io.cucumber.testng.PickleEventWrapper, io.cucumber.testng.CucumberFeatureWrapper)[pri:0, instance:com.qa.runner.testRunner@365c30cc]" started-at="2019-09-19T23:46:49 EDT" name="runScenario" description="Runs Cucumber Scenarios" data-provider="scenarios" finished-at="2019-09-19T23:46:52 EDT" duration-ms="2997" status="PASS">
          <params>
            <param index="0">
              <value>
                <![CDATA["Title of your scenario"]]>
              </value>
            </param>
            <param index="1">
              <value>
                <![CDATA["Title of your feature"]]>
              </value>
            </param>
          </params>
          <reporter-output>
          </reporter-output>
        </test-method> <!-- runScenario -->
        <test-method is-config="true" signature="tearDownClass()[pri:0, instance:com.qa.runner.testRunner@365c30cc]" started-at="2019-09-19T23:46:52 EDT" name="tearDownClass" finished-at="2019-09-19T23:46:52 EDT" duration-ms="48" status="PASS">
          <reporter-output>
          </reporter-output>
        </test-method> <!-- tearDownClass -->
      </class> <!-- com.qa.runner.testRunner -->
    </test> <!-- Window -->
  </suite> <!-- Regression -->
</testng-results>
