<?xml version="1.0" encoding="UTF-8"?>
<testsuite xmlns:xsi="http://www.w3.org/2001/XMLSchema-instance" xsi:noNamespaceSchemaLocation="https://maven.apache.org/surefire/maven-surefire-plugin/xsd/surefire-test-report-3.0.xsd" version="3.0" name="TestSuite" time="31.408" tests="5" errors="0" skipped="0" failures="1">
  <properties>
[...]
</properties>
  <testcase name="runScenario" classname="com.qa.runner.testRunner" time="10.437">
    <failure message="stale element reference: element is not attached to the page document&#10;  (Session info: chrome=77.0.3865.90)&#10;For documentation on this error, please visit: https://www.seleniumhq.org/exceptions/stale_element_reference.html&#10;Build info: version: &apos;3.141.59&apos;, revision: &apos;e82be7d358&apos;, time: &apos;2018-11-14T08:17:03&apos;&#10;System info: host: &apos;MounamukharsMBP.fios-router.home&apos;, ip: &apos;fe80:0:0:0:10c2:2656:4a58:3b46%en0&apos;, os.name: &apos;Mac OS X&apos;, os.arch: &apos;x86_64&apos;, os.version: &apos;10.14.6&apos;, java.version: &apos;12.0.1&apos;&#10;Driver info: org.openqa.selenium.chrome.ChromeDriver&#10;Capabilities {acceptInsecureCerts: false, browserName: chrome, browserVersion: 77.0.3865.90, chrome: {chromedriverVersion: 76.0.3809.126 (d80a294506b4..., userDataDir: /var/folders/z8/xff0jmgn6js...}, goog:chromeOptions: {debuggerAddress: localhost:51769}, javascriptEnabled: true, networkConnectionEnabled: false, pageLoadStrategy: normal, platform: MAC, platformName: MAC, proxy: Proxy(), setWindowRect: true, strictFileInteractability: false, timeouts: {implicit: 0, pageLoad: 300000, script: 30000}, unhandledPromptBehavior: dismiss and notify}&#10;Session ID: 1edcf23685c1124b2405ddd6cc9233c1" type="org.openqa.selenium.StaleElementReferenceException">org.openqa.selenium.StaleElementReferenceException: 
stale element reference: element is not attached to the page document
  (Session info: chrome=77.0.3865.90)
For documentation on this error, please visit: https://www.seleniumhq.org/exceptions/stale_element_reference.html
Build info: version: '3.141.59', revision: 'e82be7d358', time: '2018-11-14T08:17:03'
System info: host: 'MounamukharsMBP.fios-router.home', ip: 'fe80:0:0:0:10c2:2656:4a58:3b46%en0', os.name: 'Mac OS X', os.arch: 'x86_64', os.version: '10.14.6', java.version: '12.0.1'
Driver info: org.openqa.selenium.chrome.ChromeDriver
Capabilities {acceptInsecureCerts: false, browserName: chrome, browserVersion: 77.0.3865.90, chrome: {chromedriverVersion: 76.0.3809.126 (d80a294506b4..., userDataDir: /var/folders/z8/xff0jmgn6js...}, goog:chromeOptions: {debuggerAddress: localhost:51769}, javascriptEnabled: true, networkConnectionEnabled: false, pageLoadStrategy: normal, platform: MAC, platformName: MAC, proxy: Proxy(), setWindowRect: true, strictFileInteractability: false, timeouts: {implicit: 0, pageLoad: 300000, script: 30000}, unhandledPromptBehavior: dismiss and notify}
Session ID: 1edcf23685c1124b2405ddd6cc9233c1
</failure>
    <system-out><![CDATA[I RUN ONLY ONCE. BEFORE SUITE.
BEFORE method:/Users/mounamukhargoswami/Coding/Workspace/cyborgAutomation
BEFORE method:/Users/mounamukhargoswami/Coding/Workspace/cyborgAutomation
Running WHEN - Amazon
Running WHEN - Amazon
AFTER method.
FAILED: Failed in product search.
AFTER method.
]]></system-out>
    <system-err><![CDATA[SStarttartingi nCg ChhromeDrivroer 7m6eDriver 76.0.3809.126 (d80a294506b4.0.3809.126 (d80a294506b4c9d18015e75c9d18015e755cee5c4ee48f953ddc3f2f-r8efs/branch-heads/3809@{#1024}) on port 29359
Only locf953ddc3fa2f-refl connections are allowed.
Please protecst ports used by Chr/branch-heads/3809@{#1o0meDriver and related test frameworks to prevent access by malicious code.
24}) on port 13474
Only local connections are allowed.
Please protect ports used by ChromeDriver and related test frameworks to prevent access by malicious code.
[1569288721.870][WARNING]: This version of ChromeDriver has not been tested with Chrome version 77.
[1569288721.870][WARNING]: This version of ChromeDriver has not been tested with Chrome version 77.
[1569288721.947][WARNING]: This version of ChromeDriver has not been tested with Chrome version 77.
[1569288721.957][WARNING]: This version of ChromeDriver has not been tested with Chrome version 77.
Sep 23, 2019 9:32:02 PM org.openqa.selenium.remote.ProtocolHandshake createSession
INFO: Detected dialect: W3C
Sep 23, 2019 9:32:02 PM org.openqa.selenium.remote.ProtocolHandshake createSession
INFO: Detected dialect: W3C
]]></system-err>
  </testcase>
  <testcase name="runScenario" classname="com.qa.runner.testRunner" time="0.221"/>
  <testcase name="runScenario" classname="com.qa.runner.testRunner" time="10.414"/>
  <testcase name="runScenario" classname="com.qa.runner.testRunner" time="5.719"/>
  <testcase name="runScenario" classname="com.qa.runner.testRunner" time="9.177"/>
</testsuite>