<?xml version="1.0" encoding="UTF-8"?>
<testng-results ignored="0" total="1" passed="1" failed="0" skipped="0">
  <reporter-output>
  </reporter-output>
  <suite started-at="2019-09-19T21:33:34 EDT" name="Default suite" finished-at="2019-09-19T21:33:35 EDT" duration-ms="432">
    <groups>
      <group name="cucumber">
        <method signature="AbstractTestNGCucumberTests.runScenario(io.cucumber.testng.PickleEventWrapper, io.cucumber.testng.CucumberFeatureWrapper)[pri:0, instance:com.qa.runner.testRunner@1f1c7bf6]" name="runScenario" class="io.cucumber.testng.AbstractTestNGCucumberTests"/>
      </group> <!-- cucumber -->
    </groups>
    <test started-at="2019-09-19T21:33:34 EDT" name="Default test" finished-at="2019-09-19T21:33:35 EDT" duration-ms="432">
      <class name="com.qa.runner.testRunner">
        <test-method is-config="true" signature="setUpClass()[pri:0, instance:com.qa.runner.testRunner@1f1c7bf6]" started-at="2019-09-19T21:33:34 EDT" name="setUpClass" finished-at="2019-09-19T21:33:34 EDT" duration-ms="207" status="PASS">
          <reporter-output>
          </reporter-output>
        </test-method> <!-- setUpClass -->
        <test-method signature="runScenario(io.cucumber.testng.PickleEventWrapper, io.cucumber.testng.CucumberFeatureWrapper)[pri:0, instance:com.qa.runner.testRunner@1f1c7bf6]" started-at="2019-09-19T21:33:34 EDT" name="runScenario" description="Runs Cucumber Scenarios" data-provider="scenarios" finished-at="2019-09-19T21:33:35 EDT" duration-ms="128" status="PASS">
          <params>
            <param index="0">
              <value>
                <![CDATA["Title of your scenario"]]>
              </value>
            </param>
            <param index="1">
              <value>
                <![CDATA["Title of your feature"]]>
              </value>
            </param>
          </params>
          <reporter-output>
          </reporter-output>
        </test-method> <!-- runScenario -->
        <test-method is-config="true" signature="tearDownClass()[pri:0, instance:com.qa.runner.testRunner@1f1c7bf6]" started-at="2019-09-19T21:33:35 EDT" name="tearDownClass" finished-at="2019-09-19T21:33:35 EDT" duration-ms="24" status="PASS">
          <reporter-output>
          </reporter-output>
        </test-method> <!-- tearDownClass -->
      </class> <!-- com.qa.runner.testRunner -->
    </test> <!-- Default test -->
  </suite> <!-- Default suite -->
</testng-results>
